Using pre-set license

 COMMAND LINE ARGUMENTS:
/Applications/Unity/Unity.app/Contents/MacOS/Unity
-adb2
-batchMode
-noUpm
-name
AssetImportWorker0
-projectPath
/Users/Jack/Documents/GameJame-2022/GGJ_Tom_Jack
-logFile
Logs/AssetImportWorker0.log
-srvPort
49323
Successfully changed project path to: /Users/Jack/Documents/GameJame-2022/GGJ_Tom_Jack
/Users/Jack/Documents/GameJame-2022/GGJ_Tom_Jack
Using Asset Import Pipeline V2.
Refreshing native plugins compatible for Editor in 33.23 ms, found 1 plugins.
Preloading 0 native plugins for Editor in 0.00 ms.
Initialize engine version: 2020.3.8f1 (507919d4fff5)
[Subsystems] Discovering subsystems at path /Applications/Unity/Unity.app/Contents/Resources/UnitySubsystems
[Subsystems] Discovering subsystems at path /Users/Jack/Documents/GameJame-2022/GGJ_Tom_Jack/Assets
GfxDevice: creating device client; threaded=0
2022-01-30 16:29:06.966 Unity[1019:9390] (null) preferred device: Apple M1 (high power)
2022-01-30 16:29:06.966 Unity[1019:9390] Metal devices available: 1
2022-01-30 16:29:06.966 Unity[1019:9390] 0: Apple M1 (high power)
2022-01-30 16:29:06.966 Unity[1019:9390] Using device Apple M1 (high power)
Initializing Metal device caps: Apple M1
Initialize mono
Mono path[0] = '/Applications/Unity/Unity.app/Contents/Managed'
Mono path[1] = '/Applications/Unity/Unity.app/Contents/MonoBleedingEdge/lib/mono/unityjit'
Mono config path = '/Applications/Unity/Unity.app/Contents/MonoBleedingEdge/etc'
Using monoOptions --debugger-agent=transport=dt_socket,embedding=1,server=y,suspend=n,address=127.0.0.1:56019
Begin MonoManager ReloadAssembly
Registering precompiled unity dll's ...
Register platform support module: /Applications/Unity/Unity.app/Contents/PlaybackEngines/MacStandaloneSupport/UnityEditor.OSXStandalone.Extensions.dll
Registered in 0.001961 seconds.
Native extension for OSXStandalone target not found
Refreshing native plugins compatible for Editor in 32.55 ms, found 1 plugins.
Preloading 0 native plugins for Editor in 0.00 ms.
Mono: successfully reloaded assembly
- Completed reload, in  1.870 seconds
Platform modules already initialized, skipping
Registering precompiled user dll's ...
Registered in 0.000855 seconds.
Begin MonoManager ReloadAssembly
Native extension for OSXStandalone target not found
Refreshing native plugins compatible for Editor in 32.49 ms, found 1 plugins.
Preloading 0 native plugins for Editor in 0.00 ms.
Mono: successfully reloaded assembly
- Completed reload, in  1.779 seconds
Platform modules already initialized, skipping
========================================================================
Worker process is ready to serve import requests
Launching external process: /Applications/Unity/Unity.app/Contents/Tools/UnityShaderCompiler
Launched and connected shader compiler UnityShaderCompiler after 0.03 seconds
Refreshing native plugins compatible for Editor in 0.37 ms, found 1 plugins.
Preloading 0 native plugins for Editor in 0.00 ms.
Unloading 1663 Unused Serialized files (Serialized files now loaded: 0)
System memory in use before: 181.4 MB.
System memory in use after: 181.0 MB.

Unloading 15 unused Assets to reduce memory usage. Loaded Objects now: 2111.
Total: 1.799208 ms (FindLiveObjects: 0.116209 ms CreateObjectMapping: 0.031708 ms MarkObjects: 1.255000 ms  DeleteObjects: 0.395625 ms)

========================================================================
Received Import Request.
  path: Assets/Materials/Grey.mat
  artifactKey: Guid(992dd99829d30314ebf4edf9e25c0305) Importer(815301076,1909f56bfc062723c751e8b465ee728b)
Start importing Assets/Materials/Grey.mat using Guid(992dd99829d30314ebf4edf9e25c0305) Importer(815301076,1909f56bfc062723c751e8b465ee728b)  -> (artifact id: 'd728111da46743c64148dc9fcf9f26ff') in 0.678976 seconds
  Import took 0.681995 seconds .

========================================================================
Received Import Request.
  Time since last request: 0.000215 seconds.
  path: Assets/Materials/Green.mat
  artifactKey: Guid(9f5f4e676b8895e40806bc705667df6f) Importer(815301076,1909f56bfc062723c751e8b465ee728b)
Start importing Assets/Materials/Green.mat using Guid(9f5f4e676b8895e40806bc705667df6f) Importer(815301076,1909f56bfc062723c751e8b465ee728b)  -> (artifact id: '2dfb22d200a166527afd9a3fd7cccabd') in 0.012707 seconds
  Import took 0.014802 seconds .

========================================================================
Received Import Request.
  Time since last request: 0.000234 seconds.
  path: Assets/Materials/Light_Green.mat
  artifactKey: Guid(5cb1ea85a2ab23c4bb6f381d2ef8f202) Importer(815301076,1909f56bfc062723c751e8b465ee728b)
Start importing Assets/Materials/Light_Green.mat using Guid(5cb1ea85a2ab23c4bb6f381d2ef8f202) Importer(815301076,1909f56bfc062723c751e8b465ee728b)  -> (artifact id: '3ac1bdfac928b887f536f031426e85d2') in 0.009571 seconds
  Import took 0.012108 seconds .

========================================================================
Received Import Request.
  Time since last request: 0.000180 seconds.
  path: Assets/Materials/Mirror 1.mat
  artifactKey: Guid(662f98aa1c964d141a66ef9ce0c160ab) Importer(815301076,1909f56bfc062723c751e8b465ee728b)
Start importing Assets/Materials/Mirror 1.mat using Guid(662f98aa1c964d141a66ef9ce0c160ab) Importer(815301076,1909f56bfc062723c751e8b465ee728b)  -> (artifact id: '5e28f1a7b7ff9f3f2c996a4fc52e19bd') in 0.006939 seconds
  Import took 0.009095 seconds .

========================================================================
Received Prepare
Registering precompiled user dll's ...
Registered in 0.000456 seconds.
Begin MonoManager ReloadAssembly
Native extension for OSXStandalone target not found
Refreshing native plugins compatible for Editor in 0.30 ms, found 1 plugins.
Preloading 0 native plugins for Editor in 0.00 ms.
Mono: successfully reloaded assembly
- Completed reload, in  1.729 seconds
Platform modules already initialized, skipping
Refreshing native plugins compatible for Editor in 0.28 ms, found 1 plugins.
Preloading 0 native plugins for Editor in 0.00 ms.
Unloading 1628 Unused Serialized files (Serialized files now loaded: 0)
System memory in use before: 186.8 MB.
System memory in use after: 186.3 MB.

Unloading 8 unused Assets to reduce memory usage. Loaded Objects now: 2154.
Total: 2.153083 ms (FindLiveObjects: 0.159917 ms CreateObjectMapping: 0.035000 ms MarkObjects: 1.554334 ms  DeleteObjects: 0.402542 ms)

========================================================================
Received Prepare
Registering precompiled user dll's ...
Registered in 0.000859 seconds.
Begin MonoManager ReloadAssembly
Native extension for OSXStandalone target not found
Refreshing native plugins compatible for Editor in 0.36 ms, found 1 plugins.
Preloading 0 native plugins for Editor in 0.00 ms.
Mono: successfully reloaded assembly
- Completed reload, in  1.821 seconds
Platform modules already initialized, skipping
Refreshing native plugins compatible for Editor in 0.36 ms, found 1 plugins.
Preloading 0 native plugins for Editor in 0.00 ms.
Unloading 1628 Unused Serialized files (Serialized files now loaded: 0)
System memory in use before: 187.1 MB.
System memory in use after: 186.7 MB.

Unloading 8 unused Assets to reduce memory usage. Loaded Objects now: 2157.
Total: 2.651792 ms (FindLiveObjects: 0.259167 ms CreateObjectMapping: 0.034500 ms MarkObjects: 1.796625 ms  DeleteObjects: 0.560125 ms)

========================================================================
Received Prepare
Registering precompiled user dll's ...
Registered in 0.000383 seconds.
Begin MonoManager ReloadAssembly
Native extension for OSXStandalone target not found
Refreshing native plugins compatible for Editor in 0.35 ms, found 1 plugins.
Preloading 0 native plugins for Editor in 0.00 ms.
Mono: successfully reloaded assembly
- Completed reload, in  1.804 seconds
Platform modules already initialized, skipping
Refreshing native plugins compatible for Editor in 0.29 ms, found 1 plugins.
Preloading 0 native plugins for Editor in 0.00 ms.
Unloading 1628 Unused Serialized files (Serialized files now loaded: 0)
System memory in use before: 187.5 MB.
System memory in use after: 187.1 MB.

Unloading 8 unused Assets to reduce memory usage. Loaded Objects now: 2160.
Total: 1.873792 ms (FindLiveObjects: 0.098459 ms CreateObjectMapping: 0.031042 ms MarkObjects: 1.307625 ms  DeleteObjects: 0.435917 ms)

========================================================================
Received Prepare
Registering precompiled user dll's ...
Registered in 0.000456 seconds.
Begin MonoManager ReloadAssembly
Native extension for OSXStandalone target not found
Refreshing native plugins compatible for Editor in 0.33 ms, found 1 plugins.
Preloading 0 native plugins for Editor in 0.00 ms.
Mono: successfully reloaded assembly
- Completed reload, in  1.870 seconds
Platform modules already initialized, skipping
Refreshing native plugins compatible for Editor in 0.34 ms, found 1 plugins.
Preloading 0 native plugins for Editor in 0.00 ms.
Unloading 1628 Unused Serialized files (Serialized files now loaded: 0)
System memory in use before: 187.9 MB.
System memory in use after: 187.5 MB.

Unloading 8 unused Assets to reduce memory usage. Loaded Objects now: 2163.
Total: 2.307291 ms (FindLiveObjects: 0.202958 ms CreateObjectMapping: 0.035459 ms MarkObjects: 1.590500 ms  DeleteObjects: 0.477625 ms)

========================================================================
Received Prepare
Registering precompiled user dll's ...
Registered in 0.001048 seconds.
Begin MonoManager ReloadAssembly
Native extension for OSXStandalone target not found
Refreshing native plugins compatible for Editor in 0.33 ms, found 1 plugins.
Preloading 0 native plugins for Editor in 0.00 ms.
Mono: successfully reloaded assembly
- Completed reload, in  1.734 seconds
Platform modules already initialized, skipping
Refreshing native plugins compatible for Editor in 0.31 ms, found 1 plugins.
Preloading 0 native plugins for Editor in 0.00 ms.
Unloading 1628 Unused Serialized files (Serialized files now loaded: 0)
System memory in use before: 188.2 MB.
System memory in use after: 187.8 MB.

Unloading 8 unused Assets to reduce memory usage. Loaded Objects now: 2166.
Total: 1.943334 ms (FindLiveObjects: 0.124750 ms CreateObjectMapping: 0.032833 ms MarkObjects: 1.352542 ms  DeleteObjects: 0.432459 ms)

========================================================================
Received Prepare
Registering precompiled user dll's ...
Registered in 0.000909 seconds.
Begin MonoManager ReloadAssembly
Native extension for OSXStandalone target not found
Refreshing native plugins compatible for Editor in 0.31 ms, found 1 plugins.
Preloading 0 native plugins for Editor in 0.00 ms.
Mono: successfully reloaded assembly
- Completed reload, in  1.912 seconds
Platform modules already initialized, skipping
Refreshing native plugins compatible for Editor in 0.30 ms, found 1 plugins.
Preloading 0 native plugins for Editor in 0.00 ms.
Unloading 1628 Unused Serialized files (Serialized files now loaded: 0)
System memory in use before: 188.6 MB.
System memory in use after: 188.2 MB.

Unloading 8 unused Assets to reduce memory usage. Loaded Objects now: 2169.
Total: 2.059666 ms (FindLiveObjects: 0.162500 ms CreateObjectMapping: 0.032209 ms MarkObjects: 1.355333 ms  DeleteObjects: 0.508750 ms)

========================================================================
Received Prepare
Registering precompiled user dll's ...
Registered in 0.000933 seconds.
Begin MonoManager ReloadAssembly
Native extension for OSXStandalone target not found
Refreshing native plugins compatible for Editor in 0.28 ms, found 1 plugins.
Preloading 0 native plugins for Editor in 0.00 ms.
Mono: successfully reloaded assembly
- Completed reload, in  1.764 seconds
Platform modules already initialized, skipping
Refreshing native plugins compatible for Editor in 0.30 ms, found 1 plugins.
Preloading 0 native plugins for Editor in 0.00 ms.
Unloading 1628 Unused Serialized files (Serialized files now loaded: 0)
System memory in use before: 189.0 MB.
System memory in use after: 188.6 MB.

Unloading 8 unused Assets to reduce memory usage. Loaded Objects now: 2172.
Total: 1.943875 ms (FindLiveObjects: 0.145667 ms CreateObjectMapping: 0.032625 ms MarkObjects: 1.313708 ms  DeleteObjects: 0.451209 ms)

========================================================================
Received Prepare
Registering precompiled user dll's ...
Registered in 0.002211 seconds.
Begin MonoManager ReloadAssembly
Native extension for OSXStandalone target not found
Refreshing native plugins compatible for Editor in 0.28 ms, found 1 plugins.
Preloading 0 native plugins for Editor in 0.00 ms.
Mono: successfully reloaded assembly
- Completed reload, in  1.825 seconds
Platform modules already initialized, skipping
Refreshing native plugins compatible for Editor in 0.31 ms, found 1 plugins.
Preloading 0 native plugins for Editor in 0.00 ms.
Unloading 1628 Unused Serialized files (Serialized files now loaded: 0)
System memory in use before: 189.4 MB.
System memory in use after: 189.0 MB.

Unloading 8 unused Assets to reduce memory usage. Loaded Objects now: 2175.
Total: 1.925083 ms (FindLiveObjects: 0.139667 ms CreateObjectMapping: 0.031833 ms MarkObjects: 1.320333 ms  DeleteObjects: 0.432209 ms)

========================================================================
Received Prepare
Refreshing native plugins compatible for Editor in 0.96 ms, found 1 plugins.
Preloading 0 native plugins for Editor in 0.00 ms.
Unloading 5 Unused Serialized files (Serialized files now loaded: 0)
System memory in use before: 157.4 MB.
System memory in use after: 157.0 MB.

Unloading 5 unused Assets to reduce memory usage. Loaded Objects now: 2175.
Total: 15.798875 ms (FindLiveObjects: 0.295834 ms CreateObjectMapping: 0.037041 ms MarkObjects: 14.917084 ms  DeleteObjects: 0.548000 ms)

========================================================================
Received Import Request.
  Time since last request: 1430.591477 seconds.
  path: Assets/Scenes/Start-Menu.unity
  artifactKey: Guid(e98576f0c5e4e104fa2d8fb90e5cc037) Importer(815301076,1909f56bfc062723c751e8b465ee728b)
Start importing Assets/Scenes/Start-Menu.unity using Guid(e98576f0c5e4e104fa2d8fb90e5cc037) Importer(815301076,1909f56bfc062723c751e8b465ee728b)  -> (artifact id: '88b46807a22ec3e9284b832b9b4eb783') in 0.044987 seconds
  Import took 0.059652 seconds .

========================================================================
Received Prepare
Registering precompiled user dll's ...
Registered in 0.000543 seconds.
Begin MonoManager ReloadAssembly
Native extension for OSXStandalone target not found
Refreshing native plugins compatible for Editor in 0.33 ms, found 1 plugins.
Preloading 0 native plugins for Editor in 0.00 ms.
Mono: successfully reloaded assembly
- Completed reload, in  1.979 seconds
Platform modules already initialized, skipping
Refreshing native plugins compatible for Editor in 0.32 ms, found 1 plugins.
Preloading 0 native plugins for Editor in 0.00 ms.
Unloading 1628 Unused Serialized files (Serialized files now loaded: 0)
System memory in use before: 190.0 MB.
System memory in use after: 189.5 MB.

Unloading 8 unused Assets to reduce memory usage. Loaded Objects now: 2178.
Total: 3.123167 ms (FindLiveObjects: 0.208625 ms CreateObjectMapping: 0.042875 ms MarkObjects: 2.303000 ms  DeleteObjects: 0.567584 ms)

========================================================================
Received Prepare
Refreshing native plugins compatible for Editor in 0.87 ms, found 1 plugins.
Preloading 0 native plugins for Editor in 0.00 ms.
Unloading 5 Unused Serialized files (Serialized files now loaded: 0)
System memory in use before: 157.4 MB.
System memory in use after: 157.0 MB.

Unloading 5 unused Assets to reduce memory usage. Loaded Objects now: 2178.
Total: 6.165209 ms (FindLiveObjects: 0.269500 ms CreateObjectMapping: 0.033250 ms MarkObjects: 5.340125 ms  DeleteObjects: 0.521625 ms)

========================================================================
Received Import Request.
  Time since last request: 63.487140 seconds.
  path: Assets/Scenes/Level 2 - Upside Down.unity
  artifactKey: Guid(33b480fc5ec38c14299eba9ccb925e26) Importer(815301076,1909f56bfc062723c751e8b465ee728b)
Start importing Assets/Scenes/Level 2 - Upside Down.unity using Guid(33b480fc5ec38c14299eba9ccb925e26) Importer(815301076,1909f56bfc062723c751e8b465ee728b)  -> (artifact id: 'ec7a975d2708d11c9e3531e895a8e0c7') in 0.050407 seconds
  Import took 0.065622 seconds .

========================================================================
Received Import Request.
  Time since last request: 72.259628 seconds.
  path: Assets/Scenes/Level 1 - Mirrored.unity
  artifactKey: Guid(9fc0d4010bbf28b4594072e72b8655ab) Importer(815301076,1909f56bfc062723c751e8b465ee728b)
Start importing Assets/Scenes/Level 1 - Mirrored.unity using Guid(9fc0d4010bbf28b4594072e72b8655ab) Importer(815301076,1909f56bfc062723c751e8b465ee728b)  -> (artifact id: 'a1c1a9e7a3d6721051325256ba86dd45') in 0.005130 seconds
  Import took 0.015828 seconds .

========================================================================
Received Prepare
Registering precompiled user dll's ...
Registered in 0.000957 seconds.
Begin MonoManager ReloadAssembly
Native extension for OSXStandalone target not found
Refreshing native plugins compatible for Editor in 0.27 ms, found 1 plugins.
Preloading 0 native plugins for Editor in 0.00 ms.
Mono: successfully reloaded assembly
- Completed reload, in  1.725 seconds
Platform modules already initialized, skipping
Refreshing native plugins compatible for Editor in 0.32 ms, found 1 plugins.
Preloading 0 native plugins for Editor in 0.00 ms.
Unloading 1628 Unused Serialized files (Serialized files now loaded: 0)
System memory in use before: 189.9 MB.
System memory in use after: 189.5 MB.

Unloading 8 unused Assets to reduce memory usage. Loaded Objects now: 2181.
Total: 2.146584 ms (FindLiveObjects: 0.161333 ms CreateObjectMapping: 0.037084 ms MarkObjects: 1.441708 ms  DeleteObjects: 0.505500 ms)

========================================================================
Received Prepare
Registering precompiled user dll's ...
Registered in 0.001010 seconds.
Begin MonoManager ReloadAssembly
Native extension for OSXStandalone target not found
Refreshing native plugins compatible for Editor in 0.28 ms, found 1 plugins.
Preloading 0 native plugins for Editor in 0.00 ms.
Mono: successfully reloaded assembly
- Completed reload, in  1.760 seconds
Platform modules already initialized, skipping
Refreshing native plugins compatible for Editor in 0.30 ms, found 1 plugins.
Preloading 0 native plugins for Editor in 0.00 ms.
Unloading 1628 Unused Serialized files (Serialized files now loaded: 0)
System memory in use before: 190.2 MB.
System memory in use after: 189.8 MB.

Unloading 8 unused Assets to reduce memory usage. Loaded Objects now: 2184.
Total: 2.030875 ms (FindLiveObjects: 0.137416 ms CreateObjectMapping: 0.031709 ms MarkObjects: 1.358541 ms  DeleteObjects: 0.502375 ms)

========================================================================
Received Prepare
Refreshing native plugins compatible for Editor in 1.09 ms, found 1 plugins.
Preloading 0 native plugins for Editor in 0.00 ms.
Unloading 5 Unused Serialized files (Serialized files now loaded: 0)
System memory in use before: 158.3 MB.
System memory in use after: 157.9 MB.

Unloading 5 unused Assets to reduce memory usage. Loaded Objects now: 2184.
Total: 10.763958 ms (FindLiveObjects: 0.333458 ms CreateObjectMapping: 0.033542 ms MarkObjects: 9.855458 ms  DeleteObjects: 0.540750 ms)

========================================================================
Received Prepare
Registering precompiled user dll's ...
Registered in 0.000931 seconds.
Begin MonoManager ReloadAssembly
Native extension for OSXStandalone target not found
Refreshing native plugins compatible for Editor in 0.29 ms, found 1 plugins.
Preloading 0 native plugins for Editor in 0.00 ms.
Mono: successfully reloaded assembly
- Completed reload, in  1.798 seconds
Platform modules already initialized, skipping
Refreshing native plugins compatible for Editor in 0.30 ms, found 1 plugins.
Preloading 0 native plugins for Editor in 0.00 ms.
Unloading 1628 Unused Serialized files (Serialized files now loaded: 0)
System memory in use before: 190.8 MB.
System memory in use after: 190.4 MB.

Unloading 8 unused Assets to reduce memory usage. Loaded Objects now: 2187.
Total: 2.111042 ms (FindLiveObjects: 0.151542 ms CreateObjectMapping: 0.032958 ms MarkObjects: 1.427083 ms  DeleteObjects: 0.498458 ms)

========================================================================
Received Prepare
Registering precompiled user dll's ...
Registered in 0.000788 seconds.
Begin MonoManager ReloadAssembly
Native extension for OSXStandalone target not found
Refreshing native plugins compatible for Editor in 0.31 ms, found 1 plugins.
Preloading 0 native plugins for Editor in 0.00 ms.
Mono: successfully reloaded assembly
- Completed reload, in  1.719 seconds
Platform modules already initialized, skipping
Refreshing native plugins compatible for Editor in 0.30 ms, found 1 plugins.
Preloading 0 native plugins for Editor in 0.00 ms.
Unloading 1628 Unused Serialized files (Serialized files now loaded: 0)
System memory in use before: 191.1 MB.
System memory in use after: 190.7 MB.

Unloading 8 unused Assets to reduce memory usage. Loaded Objects now: 2190.
Total: 1.966541 ms (FindLiveObjects: 0.102500 ms CreateObjectMapping: 0.032417 ms MarkObjects: 1.392500 ms  DeleteObjects: 0.438250 ms)

========================================================================
Received Import Request.
  Time since last request: 1349.039440 seconds.
  path: Assets/Scenes/Level 3 - Parkour.unity
  artifactKey: Guid(c6f184316df58474d8d961e783aa2818) Importer(815301076,1909f56bfc062723c751e8b465ee728b)
Start importing Assets/Scenes/Level 3 - Parkour.unity using Guid(c6f184316df58474d8d961e783aa2818) Importer(815301076,1909f56bfc062723c751e8b465ee728b)  -> (artifact id: '2a71caa124a869cacaf23e7d8809bc9f') in 0.028277 seconds
  Import took 0.032040 seconds .

========================================================================
Received Prepare
Registering precompiled user dll's ...
Registered in 0.001043 seconds.
Begin MonoManager ReloadAssembly
Native extension for OSXStandalone target not found
Refreshing native plugins compatible for Editor in 0.28 ms, found 1 plugins.
Preloading 0 native plugins for Editor in 0.00 ms.
Mono: successfully reloaded assembly
- Completed reload, in  1.734 seconds
Platform modules already initialized, skipping
Refreshing native plugins compatible for Editor in 0.34 ms, found 1 plugins.
Preloading 0 native plugins for Editor in 0.00 ms.
Unloading 1628 Unused Serialized files (Serialized files now loaded: 0)
System memory in use before: 191.5 MB.
System memory in use after: 191.1 MB.

Unloading 8 unused Assets to reduce memory usage. Loaded Objects now: 2193.
Total: 2.052042 ms (FindLiveObjects: 0.139750 ms CreateObjectMapping: 0.031542 ms MarkObjects: 1.406750 ms  DeleteObjects: 0.473042 ms)

========================================================================
Received Import Request.
  Time since last request: 122.280234 seconds.
  path: Assets/Scenes/Level 3 - Parkour.unity
  artifactKey: Guid(c6f184316df58474d8d961e783aa2818) Importer(815301076,1909f56bfc062723c751e8b465ee728b)
Start importing Assets/Scenes/Level 3 - Parkour.unity using Guid(c6f184316df58474d8d961e783aa2818) Importer(815301076,1909f56bfc062723c751e8b465ee728b)  -> (artifact id: '9580e1034a7300a1c339182265d4d05e') in 0.017997 seconds
  Import took 0.020799 seconds .

========================================================================
Received Import Request.
  Time since last request: 29.530856 seconds.
  path: Assets/Scripts/FirstPersonMovement/PlayerMovement.cs
  artifactKey: Guid(387a99312d2f89d43972db42e875c028) Importer(815301076,1909f56bfc062723c751e8b465ee728b)
Start importing Assets/Scripts/FirstPersonMovement/PlayerMovement.cs using Guid(387a99312d2f89d43972db42e875c028) Importer(815301076,1909f56bfc062723c751e8b465ee728b)  -> (artifact id: '80b092e0a5c21e066287ef11c4a84e70') in 0.214958 seconds
  Import took 0.217235 seconds .

========================================================================
Received Import Request.
  Time since last request: 160.509170 seconds.
  path: Assets/Scripts/FirstPersonMovement/MirroredPlayerMovement.cs
  artifactKey: Guid(8118c143ca7c64c99a83c410195007d5) Importer(815301076,1909f56bfc062723c751e8b465ee728b)
Start importing Assets/Scripts/FirstPersonMovement/MirroredPlayerMovement.cs using Guid(8118c143ca7c64c99a83c410195007d5) Importer(815301076,1909f56bfc062723c751e8b465ee728b)  -> (artifact id: '5403294035c8319eaa356d85fba2263c') in 0.005020 seconds
  Import took 0.008343 seconds .

========================================================================
Received Prepare
Registering precompiled user dll's ...
Registered in 0.000861 seconds.
Begin MonoManager ReloadAssembly
Native extension for OSXStandalone target not found
Refreshing native plugins compatible for Editor in 0.27 ms, found 1 plugins.
Preloading 0 native plugins for Editor in 0.00 ms.
Mono: successfully reloaded assembly
- Completed reload, in  1.784 seconds
Platform modules already initialized, skipping
Refreshing native plugins compatible for Editor in 0.30 ms, found 1 plugins.
Preloading 0 native plugins for Editor in 0.00 ms.
Unloading 1628 Unused Serialized files (Serialized files now loaded: 0)
System memory in use before: 196.1 MB.
System memory in use after: 195.7 MB.

Unloading 8 unused Assets to reduce memory usage. Loaded Objects now: 2196.
Total: 1.991125 ms (FindLiveObjects: 0.156958 ms CreateObjectMapping: 0.032833 ms MarkObjects: 1.325208 ms  DeleteObjects: 0.475250 ms)

========================================================================
Received Prepare
Registering precompiled user dll's ...
Registered in 0.003172 seconds.
Begin MonoManager ReloadAssembly
Native extension for OSXStandalone target not found
Refreshing native plugins compatible for Editor in 0.26 ms, found 1 plugins.
Preloading 0 native plugins for Editor in 0.00 ms.
Mono: successfully reloaded assembly
- Completed reload, in  1.760 seconds
Platform modules already initialized, skipping
Refreshing native plugins compatible for Editor in 0.29 ms, found 1 plugins.
Preloading 0 native plugins for Editor in 0.00 ms.
Unloading 1628 Unused Serialized files (Serialized files now loaded: 0)
System memory in use before: 196.5 MB.
System memory in use after: 196.1 MB.

Unloading 8 unused Assets to reduce memory usage. Loaded Objects now: 2199.
Total: 1.955542 ms (FindLiveObjects: 0.128333 ms CreateObjectMapping: 0.039875 ms MarkObjects: 1.320375 ms  DeleteObjects: 0.466250 ms)

========================================================================
Received Prepare
Registering precompiled user dll's ...
Registered in 0.001535 seconds.
Begin MonoManager ReloadAssembly
Native extension for OSXStandalone target not found
Refreshing native plugins compatible for Editor in 0.32 ms, found 1 plugins.
Preloading 0 native plugins for Editor in 0.00 ms.
Mono: successfully reloaded assembly
- Completed reload, in  1.732 seconds
Platform modules already initialized, skipping
Refreshing native plugins compatible for Editor in 0.30 ms, found 1 plugins.
Preloading 0 native plugins for Editor in 0.00 ms.
Unloading 1628 Unused Serialized files (Serialized files now loaded: 0)
System memory in use before: 196.9 MB.
System memory in use after: 196.5 MB.

Unloading 8 unused Assets to reduce memory usage. Loaded Objects now: 2202.
Total: 2.009917 ms (FindLiveObjects: 0.126334 ms CreateObjectMapping: 0.031541 ms MarkObjects: 1.351584 ms  DeleteObjects: 0.499500 ms)

