Using pre-set license

 COMMAND LINE ARGUMENTS:
/Applications/Unity/Unity.app/Contents/MacOS/Unity
-adb2
-batchMode
-noUpm
-name
AssetImportWorker0
-projectPath
/Users/Jack/Documents/GameJame-2022/GGJ_Tom_Jack
-logFile
Logs/AssetImportWorker0.log
-srvPort
49542
Successfully changed project path to: /Users/Jack/Documents/GameJame-2022/GGJ_Tom_Jack
/Users/Jack/Documents/GameJame-2022/GGJ_Tom_Jack
Using Asset Import Pipeline V2.
Refreshing native plugins compatible for Editor in 30.86 ms, found 1 plugins.
Preloading 0 native plugins for Editor in 0.00 ms.
Initialize engine version: 2020.3.8f1 (507919d4fff5)
[Subsystems] Discovering subsystems at path /Applications/Unity/Unity.app/Contents/Resources/UnitySubsystems
[Subsystems] Discovering subsystems at path /Users/Jack/Documents/GameJame-2022/GGJ_Tom_Jack/Assets
GfxDevice: creating device client; threaded=0
2022-01-30 11:44:14.794 Unity[1555:15320] (null) preferred device: Apple M1 (high power)
2022-01-30 11:44:14.794 Unity[1555:15320] Metal devices available: 1
2022-01-30 11:44:14.794 Unity[1555:15320] 0: Apple M1 (high power)
2022-01-30 11:44:14.794 Unity[1555:15320] Using device Apple M1 (high power)
Initializing Metal device caps: Apple M1
Initialize mono
Mono path[0] = '/Applications/Unity/Unity.app/Contents/Managed'
Mono path[1] = '/Applications/Unity/Unity.app/Contents/MonoBleedingEdge/lib/mono/unityjit'
Mono config path = '/Applications/Unity/Unity.app/Contents/MonoBleedingEdge/etc'
Using monoOptions --debugger-agent=transport=dt_socket,embedding=1,server=y,suspend=n,address=127.0.0.1:56555
Begin MonoManager ReloadAssembly
Registering precompiled unity dll's ...
Register platform support module: /Applications/Unity/Unity.app/Contents/PlaybackEngines/MacStandaloneSupport/UnityEditor.OSXStandalone.Extensions.dll
Registered in 0.001969 seconds.
Native extension for OSXStandalone target not found
Refreshing native plugins compatible for Editor in 33.10 ms, found 1 plugins.
Preloading 0 native plugins for Editor in 0.00 ms.
Mono: successfully reloaded assembly
- Completed reload, in  1.840 seconds
Platform modules already initialized, skipping
Registering precompiled user dll's ...
Registered in 0.001476 seconds.
Begin MonoManager ReloadAssembly
Native extension for OSXStandalone target not found
Refreshing native plugins compatible for Editor in 31.52 ms, found 1 plugins.
Preloading 0 native plugins for Editor in 0.00 ms.
Mono: successfully reloaded assembly
- Completed reload, in  1.739 seconds
Platform modules already initialized, skipping
========================================================================
Worker process is ready to serve import requests
Launching external process: /Applications/Unity/Unity.app/Contents/Tools/UnityShaderCompiler
Launched and connected shader compiler UnityShaderCompiler after 0.03 seconds
Refreshing native plugins compatible for Editor in 0.40 ms, found 1 plugins.
Preloading 0 native plugins for Editor in 0.00 ms.
Unloading 1663 Unused Serialized files (Serialized files now loaded: 0)
System memory in use before: 178.6 MB.
System memory in use after: 178.1 MB.

Unloading 15 unused Assets to reduce memory usage. Loaded Objects now: 2111.
Total: 1.726541 ms (FindLiveObjects: 0.111125 ms CreateObjectMapping: 0.031042 ms MarkObjects: 1.204500 ms  DeleteObjects: 0.379209 ms)

========================================================================
Received Import Request.
  path: Assets/Scenes/Level 2 - Upside Down.unity
  artifactKey: Guid(33b480fc5ec38c14299eba9ccb925e26) Importer(815301076,1909f56bfc062723c751e8b465ee728b)
Start importing Assets/Scenes/Level 2 - Upside Down.unity using Guid(33b480fc5ec38c14299eba9ccb925e26) Importer(815301076,1909f56bfc062723c751e8b465ee728b)  -> (artifact id: '56d5ba1a8e9c0df81915ab983380dd28') in 0.017036 seconds
  Import took 0.019415 seconds .

========================================================================
Received Import Request.
  Time since last request: 15.198485 seconds.
  path: Assets/Scenes/Level 3 - Parkour.unity
  artifactKey: Guid(c6f184316df58474d8d961e783aa2818) Importer(815301076,1909f56bfc062723c751e8b465ee728b)
Start importing Assets/Scenes/Level 3 - Parkour.unity using Guid(c6f184316df58474d8d961e783aa2818) Importer(815301076,1909f56bfc062723c751e8b465ee728b)  -> (artifact id: '7d3ab40fb329259a6a173e593d9a83f3') in 0.002171 seconds
  Import took 0.004652 seconds .

========================================================================
Received Import Request.
  Time since last request: 115.573806 seconds.
  path: Assets/Scenes/Level 3 - Parkour.unity
  artifactKey: Guid(c6f184316df58474d8d961e783aa2818) Importer(815301076,1909f56bfc062723c751e8b465ee728b)
Start importing Assets/Scenes/Level 3 - Parkour.unity using Guid(c6f184316df58474d8d961e783aa2818) Importer(815301076,1909f56bfc062723c751e8b465ee728b)  -> (artifact id: '401c112e29ab9c2d9d2f3e84b462486f') in 0.002105 seconds
  Import took 0.005292 seconds .

========================================================================
Received Prepare
Registering precompiled user dll's ...
Registered in 0.000749 seconds.
Begin MonoManager ReloadAssembly
Native extension for OSXStandalone target not found
Refreshing native plugins compatible for Editor in 0.35 ms, found 1 plugins.
Preloading 0 native plugins for Editor in 0.00 ms.
Mono: successfully reloaded assembly
- Completed reload, in  1.663 seconds
Platform modules already initialized, skipping
Refreshing native plugins compatible for Editor in 0.26 ms, found 1 plugins.
Preloading 0 native plugins for Editor in 0.00 ms.
Unloading 1628 Unused Serialized files (Serialized files now loaded: 0)
System memory in use before: 175.9 MB.
System memory in use after: 175.5 MB.

Unloading 8 unused Assets to reduce memory usage. Loaded Objects now: 2114.
Total: 2.005834 ms (FindLiveObjects: 0.124959 ms CreateObjectMapping: 0.032375 ms MarkObjects: 1.448333 ms  DeleteObjects: 0.399542 ms)

========================================================================
Received Prepare
Registering precompiled user dll's ...
Registered in 0.000346 seconds.
Begin MonoManager ReloadAssembly
Native extension for OSXStandalone target not found
Refreshing native plugins compatible for Editor in 0.30 ms, found 1 plugins.
Preloading 0 native plugins for Editor in 0.00 ms.
Mono: successfully reloaded assembly
- Completed reload, in  1.732 seconds
Platform modules already initialized, skipping
Refreshing native plugins compatible for Editor in 0.28 ms, found 1 plugins.
Preloading 0 native plugins for Editor in 0.00 ms.
Unloading 1629 Unused Serialized files (Serialized files now loaded: 0)
System memory in use before: 176.3 MB.
System memory in use after: 175.8 MB.

Unloading 8 unused Assets to reduce memory usage. Loaded Objects now: 2118.
Total: 1.751792 ms (FindLiveObjects: 0.098250 ms CreateObjectMapping: 0.031250 ms MarkObjects: 1.257416 ms  DeleteObjects: 0.364042 ms)

========================================================================
Received Prepare
Registering precompiled user dll's ...
Registered in 0.000836 seconds.
Begin MonoManager ReloadAssembly
Native extension for OSXStandalone target not found
Refreshing native plugins compatible for Editor in 0.29 ms, found 1 plugins.
Preloading 0 native plugins for Editor in 0.00 ms.
Mono: successfully reloaded assembly
- Completed reload, in  1.642 seconds
Platform modules already initialized, skipping
Refreshing native plugins compatible for Editor in 0.27 ms, found 1 plugins.
Preloading 0 native plugins for Editor in 0.00 ms.
Unloading 1629 Unused Serialized files (Serialized files now loaded: 0)
System memory in use before: 176.6 MB.
System memory in use after: 176.2 MB.

Unloading 8 unused Assets to reduce memory usage. Loaded Objects now: 2121.
Total: 1.795333 ms (FindLiveObjects: 0.096291 ms CreateObjectMapping: 0.031917 ms MarkObjects: 1.277125 ms  DeleteObjects: 0.389125 ms)

========================================================================
Received Prepare
Registering precompiled user dll's ...
Registered in 0.000757 seconds.
Begin MonoManager ReloadAssembly
Native extension for OSXStandalone target not found
Refreshing native plugins compatible for Editor in 0.29 ms, found 1 plugins.
Preloading 0 native plugins for Editor in 0.00 ms.
Mono: successfully reloaded assembly
- Completed reload, in  1.705 seconds
Platform modules already initialized, skipping
Refreshing native plugins compatible for Editor in 0.29 ms, found 1 plugins.
Preloading 0 native plugins for Editor in 0.00 ms.
Unloading 1629 Unused Serialized files (Serialized files now loaded: 0)
System memory in use before: 176.9 MB.
System memory in use after: 176.5 MB.

Unloading 8 unused Assets to reduce memory usage. Loaded Objects now: 2124.
Total: 1.850834 ms (FindLiveObjects: 0.107541 ms CreateObjectMapping: 0.032250 ms MarkObjects: 1.296375 ms  DeleteObjects: 0.414084 ms)

========================================================================
Received Prepare
Registering precompiled user dll's ...
Registered in 0.000794 seconds.
Begin MonoManager ReloadAssembly
Native extension for OSXStandalone target not found
Refreshing native plugins compatible for Editor in 0.31 ms, found 1 plugins.
Preloading 0 native plugins for Editor in 0.00 ms.
Mono: successfully reloaded assembly
- Completed reload, in  1.708 seconds
Platform modules already initialized, skipping
Refreshing native plugins compatible for Editor in 0.28 ms, found 1 plugins.
Preloading 0 native plugins for Editor in 0.00 ms.
Unloading 1629 Unused Serialized files (Serialized files now loaded: 0)
System memory in use before: 177.2 MB.
System memory in use after: 176.8 MB.

Unloading 8 unused Assets to reduce memory usage. Loaded Objects now: 2127.
Total: 1.903500 ms (FindLiveObjects: 0.101834 ms CreateObjectMapping: 0.031917 ms MarkObjects: 1.327458 ms  DeleteObjects: 0.441250 ms)

========================================================================
Received Prepare
Registering precompiled user dll's ...
Registered in 0.000781 seconds.
Begin MonoManager ReloadAssembly
Native extension for OSXStandalone target not found
Refreshing native plugins compatible for Editor in 0.29 ms, found 1 plugins.
Preloading 0 native plugins for Editor in 0.00 ms.
Mono: successfully reloaded assembly
- Completed reload, in  1.676 seconds
Platform modules already initialized, skipping
Refreshing native plugins compatible for Editor in 0.26 ms, found 1 plugins.
Preloading 0 native plugins for Editor in 0.00 ms.
Unloading 1629 Unused Serialized files (Serialized files now loaded: 0)
System memory in use before: 177.5 MB.
System memory in use after: 177.1 MB.

Unloading 8 unused Assets to reduce memory usage. Loaded Objects now: 2130.
Total: 1.978416 ms (FindLiveObjects: 0.123333 ms CreateObjectMapping: 0.032417 ms MarkObjects: 1.387459 ms  DeleteObjects: 0.434458 ms)

========================================================================
Received Import Request.
  Time since last request: 909.785005 seconds.
  path: Assets/Scenes/Level 3 - Parkour.unity
  artifactKey: Guid(c6f184316df58474d8d961e783aa2818) Importer(815301076,1909f56bfc062723c751e8b465ee728b)
Start importing Assets/Scenes/Level 3 - Parkour.unity using Guid(c6f184316df58474d8d961e783aa2818) Importer(815301076,1909f56bfc062723c751e8b465ee728b)  -> (artifact id: '6a79591c3c5c8dc55b3ea82cf020fbea') in 0.022876 seconds
  Import took 0.025652 seconds .

========================================================================
Received Import Request.
  Time since last request: 0.032369 seconds.
  path: Assets/Scenes/Level 3 - Parkour.unity
  artifactKey: Guid(c6f184316df58474d8d961e783aa2818) Importer(815301076,1909f56bfc062723c751e8b465ee728b)
Start importing Assets/Scenes/Level 3 - Parkour.unity using Guid(c6f184316df58474d8d961e783aa2818) Importer(815301076,1909f56bfc062723c751e8b465ee728b)  -> (artifact id: '6a79591c3c5c8dc55b3ea82cf020fbea') in 0.001086 seconds
  Import took 0.003383 seconds .

========================================================================
Received Import Request.
  Time since last request: 113.590013 seconds.
  path: Assets/Scenes/Level 2 - Upside Down.unity
  artifactKey: Guid(33b480fc5ec38c14299eba9ccb925e26) Importer(815301076,1909f56bfc062723c751e8b465ee728b)
Start importing Assets/Scenes/Level 2 - Upside Down.unity using Guid(33b480fc5ec38c14299eba9ccb925e26) Importer(815301076,1909f56bfc062723c751e8b465ee728b)  -> (artifact id: '46f3d6f7323a0afb3af017b970c525f9') in 0.002391 seconds
  Import took 0.004296 seconds .

========================================================================
Received Import Request.
  Time since last request: 0.000759 seconds.
  path: Assets/Scenes/Level 2 - Upside Down.unity
  artifactKey: Guid(33b480fc5ec38c14299eba9ccb925e26) Importer(815301076,1909f56bfc062723c751e8b465ee728b)
Start importing Assets/Scenes/Level 2 - Upside Down.unity using Guid(33b480fc5ec38c14299eba9ccb925e26) Importer(815301076,1909f56bfc062723c751e8b465ee728b)  -> (artifact id: '46f3d6f7323a0afb3af017b970c525f9') in 0.000747 seconds
  Import took 0.002388 seconds .

========================================================================
Received Prepare
Registering precompiled user dll's ...
Registered in 0.000799 seconds.
Begin MonoManager ReloadAssembly
Native extension for OSXStandalone target not found
Refreshing native plugins compatible for Editor in 0.30 ms, found 1 plugins.
Preloading 0 native plugins for Editor in 0.00 ms.
Mono: successfully reloaded assembly
- Completed reload, in  1.724 seconds
Platform modules already initialized, skipping
Refreshing native plugins compatible for Editor in 0.26 ms, found 1 plugins.
Preloading 0 native plugins for Editor in 0.00 ms.
Unloading 1629 Unused Serialized files (Serialized files now loaded: 0)
System memory in use before: 177.9 MB.
System memory in use after: 177.5 MB.

Unloading 8 unused Assets to reduce memory usage. Loaded Objects now: 2133.
Total: 1.873042 ms (FindLiveObjects: 0.150917 ms CreateObjectMapping: 0.031667 ms MarkObjects: 1.268417 ms  DeleteObjects: 0.421375 ms)

========================================================================
Received Prepare
Registering precompiled user dll's ...
Registered in 0.000385 seconds.
Begin MonoManager ReloadAssembly
Native extension for OSXStandalone target not found
Refreshing native plugins compatible for Editor in 0.30 ms, found 1 plugins.
Preloading 0 native plugins for Editor in 0.00 ms.
Mono: successfully reloaded assembly
- Completed reload, in  1.796 seconds
Platform modules already initialized, skipping
Refreshing native plugins compatible for Editor in 0.28 ms, found 1 plugins.
Preloading 0 native plugins for Editor in 0.00 ms.
Unloading 1628 Unused Serialized files (Serialized files now loaded: 0)
System memory in use before: 178.2 MB.
System memory in use after: 177.8 MB.

Unloading 9 unused Assets to reduce memory usage. Loaded Objects now: 2135.
Total: 1.908917 ms (FindLiveObjects: 0.096167 ms CreateObjectMapping: 0.034250 ms MarkObjects: 1.355083 ms  DeleteObjects: 0.422500 ms)

========================================================================
Received Prepare
Registering precompiled user dll's ...
Registered in 0.000759 seconds.
Begin MonoManager ReloadAssembly
Native extension for OSXStandalone target not found
Refreshing native plugins compatible for Editor in 0.29 ms, found 1 plugins.
Preloading 0 native plugins for Editor in 0.00 ms.
Mono: successfully reloaded assembly
- Completed reload, in  1.713 seconds
Platform modules already initialized, skipping
Refreshing native plugins compatible for Editor in 0.29 ms, found 1 plugins.
Preloading 0 native plugins for Editor in 0.00 ms.
Unloading 1628 Unused Serialized files (Serialized files now loaded: 0)
System memory in use before: 178.5 MB.
System memory in use after: 178.1 MB.

Unloading 8 unused Assets to reduce memory usage. Loaded Objects now: 2138.
Total: 1.934583 ms (FindLiveObjects: 0.109833 ms CreateObjectMapping: 0.031125 ms MarkObjects: 1.316375 ms  DeleteObjects: 0.476209 ms)

========================================================================
Received Prepare
Registering precompiled user dll's ...
Registered in 0.001109 seconds.
Begin MonoManager ReloadAssembly
Native extension for OSXStandalone target not found
Refreshing native plugins compatible for Editor in 0.30 ms, found 1 plugins.
Preloading 0 native plugins for Editor in 0.00 ms.
Mono: successfully reloaded assembly
- Completed reload, in  1.910 seconds
Platform modules already initialized, skipping
Refreshing native plugins compatible for Editor in 0.32 ms, found 1 plugins.
Preloading 0 native plugins for Editor in 0.00 ms.
Unloading 1628 Unused Serialized files (Serialized files now loaded: 0)
System memory in use before: 178.8 MB.
System memory in use after: 178.4 MB.

Unloading 8 unused Assets to reduce memory usage. Loaded Objects now: 2141.
Total: 2.140875 ms (FindLiveObjects: 0.157875 ms CreateObjectMapping: 0.033500 ms MarkObjects: 1.467625 ms  DeleteObjects: 0.480917 ms)

========================================================================
Received Prepare
Registering precompiled user dll's ...
Registered in 0.001024 seconds.
Begin MonoManager ReloadAssembly
Native extension for OSXStandalone target not found
Refreshing native plugins compatible for Editor in 0.29 ms, found 1 plugins.
Preloading 0 native plugins for Editor in 0.00 ms.
Mono: successfully reloaded assembly
- Completed reload, in  1.765 seconds
Platform modules already initialized, skipping
Refreshing native plugins compatible for Editor in 0.26 ms, found 1 plugins.
Preloading 0 native plugins for Editor in 0.00 ms.
Unloading 1628 Unused Serialized files (Serialized files now loaded: 0)
System memory in use before: 179.1 MB.
System memory in use after: 178.7 MB.

Unloading 8 unused Assets to reduce memory usage. Loaded Objects now: 2144.
Total: 1.886833 ms (FindLiveObjects: 0.124875 ms CreateObjectMapping: 0.031208 ms MarkObjects: 1.311125 ms  DeleteObjects: 0.418833 ms)

========================================================================
Received Prepare
Registering precompiled user dll's ...
Registered in 0.000825 seconds.
Begin MonoManager ReloadAssembly
Native extension for OSXStandalone target not found
Refreshing native plugins compatible for Editor in 0.40 ms, found 1 plugins.
Preloading 0 native plugins for Editor in 0.00 ms.
Mono: successfully reloaded assembly
- Completed reload, in  1.804 seconds
Platform modules already initialized, skipping
Refreshing native plugins compatible for Editor in 0.27 ms, found 1 plugins.
Preloading 0 native plugins for Editor in 0.00 ms.
Unloading 1628 Unused Serialized files (Serialized files now loaded: 0)
System memory in use before: 179.4 MB.
System memory in use after: 179.0 MB.

Unloading 8 unused Assets to reduce memory usage. Loaded Objects now: 2147.
Total: 1.897667 ms (FindLiveObjects: 0.115083 ms CreateObjectMapping: 0.035042 ms MarkObjects: 1.317167 ms  DeleteObjects: 0.429625 ms)

========================================================================
Received Prepare
Registering precompiled user dll's ...
Registered in 0.001064 seconds.
Begin MonoManager ReloadAssembly
Native extension for OSXStandalone target not found
Refreshing native plugins compatible for Editor in 0.31 ms, found 1 plugins.
Preloading 0 native plugins for Editor in 0.00 ms.
Mono: successfully reloaded assembly
- Completed reload, in  1.929 seconds
Platform modules already initialized, skipping
Refreshing native plugins compatible for Editor in 0.27 ms, found 1 plugins.
Preloading 0 native plugins for Editor in 0.00 ms.
Unloading 1628 Unused Serialized files (Serialized files now loaded: 0)
System memory in use before: 179.8 MB.
System memory in use after: 179.3 MB.

Unloading 8 unused Assets to reduce memory usage. Loaded Objects now: 2150.
Total: 3.136500 ms (FindLiveObjects: 0.272458 ms CreateObjectMapping: 0.032708 ms MarkObjects: 2.232792 ms  DeleteObjects: 0.597542 ms)

========================================================================
Received Import Request.
  Time since last request: 1851.816908 seconds.
  path: Assets/Scenes/Level 3 - Parkour.unity
  artifactKey: Guid(c6f184316df58474d8d961e783aa2818) Importer(815301076,1909f56bfc062723c751e8b465ee728b)
Start importing Assets/Scenes/Level 3 - Parkour.unity using Guid(c6f184316df58474d8d961e783aa2818) Importer(815301076,1909f56bfc062723c751e8b465ee728b)  -> (artifact id: '8b75898560e4bb7c3cd05aa0c23170af') in 0.051631 seconds
  Import took 0.071206 seconds .

========================================================================
Received Prepare
Registering precompiled user dll's ...
Registered in 0.000870 seconds.
Begin MonoManager ReloadAssembly
Native extension for OSXStandalone target not found
Refreshing native plugins compatible for Editor in 0.29 ms, found 1 plugins.
Preloading 0 native plugins for Editor in 0.00 ms.
Mono: successfully reloaded assembly
- Completed reload, in  1.725 seconds
Platform modules already initialized, skipping
Refreshing native plugins compatible for Editor in 0.26 ms, found 1 plugins.
Preloading 0 native plugins for Editor in 0.00 ms.
Unloading 1628 Unused Serialized files (Serialized files now loaded: 0)
System memory in use before: 179.4 MB.
System memory in use after: 179.0 MB.

Unloading 8 unused Assets to reduce memory usage. Loaded Objects now: 2153.
Total: 1.917500 ms (FindLiveObjects: 0.117500 ms CreateObjectMapping: 0.035459 ms MarkObjects: 1.321500 ms  DeleteObjects: 0.442291 ms)

========================================================================
Received Prepare
Registering precompiled user dll's ...
Registered in 0.001926 seconds.
Begin MonoManager ReloadAssembly
Native extension for OSXStandalone target not found
Refreshing native plugins compatible for Editor in 0.30 ms, found 1 plugins.
Preloading 0 native plugins for Editor in 0.00 ms.
Mono: successfully reloaded assembly
- Completed reload, in  1.764 seconds
Platform modules already initialized, skipping
Refreshing native plugins compatible for Editor in 0.28 ms, found 1 plugins.
Preloading 0 native plugins for Editor in 0.00 ms.
Unloading 1628 Unused Serialized files (Serialized files now loaded: 0)
System memory in use before: 179.7 MB.
System memory in use after: 179.3 MB.

Unloading 8 unused Assets to reduce memory usage. Loaded Objects now: 2156.
Total: 1.959084 ms (FindLiveObjects: 0.126583 ms CreateObjectMapping: 0.032625 ms MarkObjects: 1.337417 ms  DeleteObjects: 0.461875 ms)

========================================================================
Received Import Request.
  Time since last request: 1413.960015 seconds.
  path: Assets/Scripts/ParkourRespawn.cs
  artifactKey: Guid(4cb35be69090f4bc593f2e76073ba21f) Importer(815301076,1909f56bfc062723c751e8b465ee728b)
Start importing Assets/Scripts/ParkourRespawn.cs using Guid(4cb35be69090f4bc593f2e76073ba21f) Importer(815301076,1909f56bfc062723c751e8b465ee728b)  -> (artifact id: 'da858089ca1c664daffce76ad6980bf8') in 0.235094 seconds
  Import took 0.244048 seconds .

========================================================================
Received Prepare
Registering precompiled user dll's ...
Registered in 0.000599 seconds.
Begin MonoManager ReloadAssembly
Native extension for OSXStandalone target not found
Refreshing native plugins compatible for Editor in 0.34 ms, found 1 plugins.
Preloading 0 native plugins for Editor in 0.00 ms.
Mono: successfully reloaded assembly
- Completed reload, in  1.968 seconds
Platform modules already initialized, skipping
Refreshing native plugins compatible for Editor in 0.33 ms, found 1 plugins.
Preloading 0 native plugins for Editor in 0.00 ms.
Unloading 1629 Unused Serialized files (Serialized files now loaded: 0)
System memory in use before: 184.3 MB.
System memory in use after: 183.9 MB.

Unloading 8 unused Assets to reduce memory usage. Loaded Objects now: 2160.
Total: 2.359625 ms (FindLiveObjects: 0.173375 ms CreateObjectMapping: 0.033875 ms MarkObjects: 1.579250 ms  DeleteObjects: 0.571875 ms)

========================================================================
Received Import Request.
  Time since last request: 135.372649 seconds.
  path: Assets/Scripts/Floor Is Lava/FloorIsLava.cs
  artifactKey: Guid(d17424b54e9314c9f8dd1331309a78e6) Importer(815301076,1909f56bfc062723c751e8b465ee728b)
Start importing Assets/Scripts/Floor Is Lava/FloorIsLava.cs using Guid(d17424b54e9314c9f8dd1331309a78e6) Importer(815301076,1909f56bfc062723c751e8b465ee728b)  -> (artifact id: '8886f33d776c4f4580534c94dcf4e1c3') in 0.022766 seconds
  Import took 0.032371 seconds .

========================================================================
Received Import Request.
  Time since last request: 0.083882 seconds.
  path: Assets/Scripts/Floor Is Lava/FloorIsLava.cs
  artifactKey: Guid(d17424b54e9314c9f8dd1331309a78e6) Importer(815301076,1909f56bfc062723c751e8b465ee728b)
Start importing Assets/Scripts/Floor Is Lava/FloorIsLava.cs using Guid(d17424b54e9314c9f8dd1331309a78e6) Importer(815301076,1909f56bfc062723c751e8b465ee728b)  -> (artifact id: '8886f33d776c4f4580534c94dcf4e1c3') in 0.001923 seconds
  Import took 0.004093 seconds .

========================================================================
Received Prepare
Registering precompiled user dll's ...
Registered in 0.000458 seconds.
Begin MonoManager ReloadAssembly
Native extension for OSXStandalone target not found
Refreshing native plugins compatible for Editor in 0.33 ms, found 1 plugins.
Preloading 0 native plugins for Editor in 0.00 ms.
Mono: successfully reloaded assembly
- Completed reload, in  1.945 seconds
Platform modules already initialized, skipping
Refreshing native plugins compatible for Editor in 0.31 ms, found 1 plugins.
Preloading 0 native plugins for Editor in 0.00 ms.
Unloading 1629 Unused Serialized files (Serialized files now loaded: 0)
System memory in use before: 184.6 MB.
System memory in use after: 184.2 MB.

Unloading 8 unused Assets to reduce memory usage. Loaded Objects now: 2163.
Total: 2.065208 ms (FindLiveObjects: 0.130834 ms CreateObjectMapping: 0.032541 ms MarkObjects: 1.400125 ms  DeleteObjects: 0.500792 ms)

========================================================================
Received Prepare
Registering precompiled user dll's ...
Registered in 0.000918 seconds.
Begin MonoManager ReloadAssembly
Native extension for OSXStandalone target not found
Refreshing native plugins compatible for Editor in 0.31 ms, found 1 plugins.
Preloading 0 native plugins for Editor in 0.00 ms.
Mono: successfully reloaded assembly
- Completed reload, in  1.825 seconds
Platform modules already initialized, skipping
Refreshing native plugins compatible for Editor in 0.27 ms, found 1 plugins.
Preloading 0 native plugins for Editor in 0.00 ms.
Unloading 1629 Unused Serialized files (Serialized files now loaded: 0)
System memory in use before: 184.9 MB.
System memory in use after: 184.5 MB.

Unloading 8 unused Assets to reduce memory usage. Loaded Objects now: 2166.
Total: 1.932208 ms (FindLiveObjects: 0.114458 ms CreateObjectMapping: 0.031375 ms MarkObjects: 1.307542 ms  DeleteObjects: 0.478125 ms)

========================================================================
Received Import Request.
  Time since last request: 316.380169 seconds.
  path: Assets/Scenes/Level 3 - Parkour.unity
  artifactKey: Guid(c6f184316df58474d8d961e783aa2818) Importer(815301076,1909f56bfc062723c751e8b465ee728b)
Start importing Assets/Scenes/Level 3 - Parkour.unity using Guid(c6f184316df58474d8d961e783aa2818) Importer(815301076,1909f56bfc062723c751e8b465ee728b)  -> (artifact id: '0a64922fb4ae5385c66f7fc363729409') in 0.024686 seconds
  Import took 0.027969 seconds .

========================================================================
Received Prepare
Registering precompiled user dll's ...
Registered in 0.000889 seconds.
Begin MonoManager ReloadAssembly
Native extension for OSXStandalone target not found
Refreshing native plugins compatible for Editor in 0.55 ms, found 1 plugins.
Preloading 0 native plugins for Editor in 0.00 ms.
Mono: successfully reloaded assembly
- Completed reload, in  2.037 seconds
Platform modules already initialized, skipping
Refreshing native plugins compatible for Editor in 0.30 ms, found 1 plugins.
Preloading 0 native plugins for Editor in 0.00 ms.
Unloading 1629 Unused Serialized files (Serialized files now loaded: 0)
System memory in use before: 185.2 MB.
System memory in use after: 184.8 MB.

Unloading 8 unused Assets to reduce memory usage. Loaded Objects now: 2169.
Total: 2.307000 ms (FindLiveObjects: 0.161625 ms CreateObjectMapping: 0.058500 ms MarkObjects: 1.541333 ms  DeleteObjects: 0.544458 ms)

========================================================================
Received Prepare
Registering precompiled user dll's ...
Registered in 0.000521 seconds.
Begin MonoManager ReloadAssembly
Native extension for OSXStandalone target not found
Refreshing native plugins compatible for Editor in 0.41 ms, found 1 plugins.
Preloading 0 native plugins for Editor in 0.00 ms.
Mono: successfully reloaded assembly
- Completed reload, in  1.928 seconds
Platform modules already initialized, skipping
Refreshing native plugins compatible for Editor in 0.28 ms, found 1 plugins.
Preloading 0 native plugins for Editor in 0.00 ms.
Unloading 1629 Unused Serialized files (Serialized files now loaded: 0)
System memory in use before: 185.5 MB.
System memory in use after: 185.1 MB.

Unloading 8 unused Assets to reduce memory usage. Loaded Objects now: 2172.
Total: 2.097791 ms (FindLiveObjects: 0.156625 ms CreateObjectMapping: 0.033333 ms MarkObjects: 1.420417 ms  DeleteObjects: 0.486584 ms)

========================================================================
Received Prepare
Registering precompiled user dll's ...
Registered in 0.000743 seconds.
Begin MonoManager ReloadAssembly
Native extension for OSXStandalone target not found
Refreshing native plugins compatible for Editor in 0.34 ms, found 1 plugins.
Preloading 0 native plugins for Editor in 0.00 ms.
Mono: successfully reloaded assembly
- Completed reload, in  1.801 seconds
Platform modules already initialized, skipping
Refreshing native plugins compatible for Editor in 0.31 ms, found 1 plugins.
Preloading 0 native plugins for Editor in 0.00 ms.
Unloading 1629 Unused Serialized files (Serialized files now loaded: 0)
System memory in use before: 185.8 MB.
System memory in use after: 185.4 MB.

Unloading 8 unused Assets to reduce memory usage. Loaded Objects now: 2175.
Total: 1.965833 ms (FindLiveObjects: 0.112584 ms CreateObjectMapping: 0.039250 ms MarkObjects: 1.360792 ms  DeleteObjects: 0.452375 ms)

========================================================================
Received Prepare
Registering precompiled user dll's ...
Registered in 0.001725 seconds.
Begin MonoManager ReloadAssembly
Native extension for OSXStandalone target not found
Refreshing native plugins compatible for Editor in 0.29 ms, found 1 plugins.
Preloading 0 native plugins for Editor in 0.00 ms.
Mono: successfully reloaded assembly
- Completed reload, in  1.869 seconds
Platform modules already initialized, skipping
Refreshing native plugins compatible for Editor in 0.27 ms, found 1 plugins.
Preloading 0 native plugins for Editor in 0.00 ms.
Unloading 1629 Unused Serialized files (Serialized files now loaded: 0)
System memory in use before: 186.1 MB.
System memory in use after: 185.7 MB.

Unloading 8 unused Assets to reduce memory usage. Loaded Objects now: 2178.
Total: 1.942333 ms (FindLiveObjects: 0.124917 ms CreateObjectMapping: 0.031250 ms MarkObjects: 1.333375 ms  DeleteObjects: 0.452125 ms)

========================================================================
Received Prepare
Registering precompiled user dll's ...
Registered in 0.000492 seconds.
Begin MonoManager ReloadAssembly
Native extension for OSXStandalone target not found
Refreshing native plugins compatible for Editor in 0.29 ms, found 1 plugins.
Preloading 0 native plugins for Editor in 0.00 ms.
Mono: successfully reloaded assembly
- Completed reload, in  1.944 seconds
Platform modules already initialized, skipping
Refreshing native plugins compatible for Editor in 0.27 ms, found 1 plugins.
Preloading 0 native plugins for Editor in 0.00 ms.
Unloading 1629 Unused Serialized files (Serialized files now loaded: 0)
System memory in use before: 186.5 MB.
System memory in use after: 186.1 MB.

Unloading 8 unused Assets to reduce memory usage. Loaded Objects now: 2181.
Total: 2.781500 ms (FindLiveObjects: 0.164625 ms CreateObjectMapping: 0.034209 ms MarkObjects: 1.978834 ms  DeleteObjects: 0.602750 ms)

========================================================================
Received Prepare
Registering precompiled user dll's ...
Registered in 0.000440 seconds.
Begin MonoManager ReloadAssembly
Native extension for OSXStandalone target not found
Refreshing native plugins compatible for Editor in 0.30 ms, found 1 plugins.
Preloading 0 native plugins for Editor in 0.00 ms.
Mono: successfully reloaded assembly
- Completed reload, in  1.854 seconds
Platform modules already initialized, skipping
Refreshing native plugins compatible for Editor in 0.27 ms, found 1 plugins.
Preloading 0 native plugins for Editor in 0.00 ms.
Unloading 1629 Unused Serialized files (Serialized files now loaded: 0)
System memory in use before: 186.7 MB.
System memory in use after: 186.3 MB.

Unloading 8 unused Assets to reduce memory usage. Loaded Objects now: 2184.
Total: 2.030250 ms (FindLiveObjects: 0.146208 ms CreateObjectMapping: 0.033292 ms MarkObjects: 1.359375 ms  DeleteObjects: 0.490667 ms)

========================================================================
Received Prepare
Registering precompiled user dll's ...
Registered in 0.000789 seconds.
Begin MonoManager ReloadAssembly
Native extension for OSXStandalone target not found
Refreshing native plugins compatible for Editor in 0.35 ms, found 1 plugins.
Preloading 0 native plugins for Editor in 0.00 ms.
Mono: successfully reloaded assembly
- Completed reload, in  1.869 seconds
Platform modules already initialized, skipping
Refreshing native plugins compatible for Editor in 0.32 ms, found 1 plugins.
Preloading 0 native plugins for Editor in 0.00 ms.
Unloading 1629 Unused Serialized files (Serialized files now loaded: 0)
System memory in use before: 187.1 MB.
System memory in use after: 186.7 MB.

Unloading 8 unused Assets to reduce memory usage. Loaded Objects now: 2187.
Total: 2.576958 ms (FindLiveObjects: 0.181875 ms CreateObjectMapping: 0.038583 ms MarkObjects: 1.848333 ms  DeleteObjects: 0.507000 ms)

========================================================================
Received Prepare
Registering precompiled user dll's ...
Registered in 0.001539 seconds.
Begin MonoManager ReloadAssembly
Native extension for OSXStandalone target not found
Refreshing native plugins compatible for Editor in 0.60 ms, found 1 plugins.
Preloading 0 native plugins for Editor in 0.00 ms.
Mono: successfully reloaded assembly
- Completed reload, in  2.271 seconds
Platform modules already initialized, skipping
Refreshing native plugins compatible for Editor in 0.29 ms, found 1 plugins.
Preloading 0 native plugins for Editor in 0.00 ms.
Unloading 1629 Unused Serialized files (Serialized files now loaded: 0)
System memory in use before: 187.4 MB.
System memory in use after: 187.0 MB.

Unloading 8 unused Assets to reduce memory usage. Loaded Objects now: 2190.
Total: 2.750042 ms (FindLiveObjects: 0.181542 ms CreateObjectMapping: 0.070125 ms MarkObjects: 1.963167 ms  DeleteObjects: 0.534083 ms)

========================================================================
Received Prepare
Registering precompiled user dll's ...
Registered in 0.000407 seconds.
Begin MonoManager ReloadAssembly
Native extension for OSXStandalone target not found
Refreshing native plugins compatible for Editor in 0.30 ms, found 1 plugins.
Preloading 0 native plugins for Editor in 0.00 ms.
Mono: successfully reloaded assembly
- Completed reload, in  1.907 seconds
Platform modules already initialized, skipping
Refreshing native plugins compatible for Editor in 0.28 ms, found 1 plugins.
Preloading 0 native plugins for Editor in 0.00 ms.
Unloading 1629 Unused Serialized files (Serialized files now loaded: 0)
System memory in use before: 187.7 MB.
System memory in use after: 187.3 MB.

Unloading 8 unused Assets to reduce memory usage. Loaded Objects now: 2193.
Total: 2.252000 ms (FindLiveObjects: 0.117708 ms CreateObjectMapping: 0.032042 ms MarkObjects: 1.483292 ms  DeleteObjects: 0.618041 ms)

========================================================================
Received Prepare
Registering precompiled user dll's ...
Registered in 0.001092 seconds.
Begin MonoManager ReloadAssembly
Native extension for OSXStandalone target not found
Refreshing native plugins compatible for Editor in 0.65 ms, found 1 plugins.
Preloading 0 native plugins for Editor in 0.00 ms.
Mono: successfully reloaded assembly
- Completed reload, in  2.316 seconds
Platform modules already initialized, skipping
Refreshing native plugins compatible for Editor in 0.28 ms, found 1 plugins.
Preloading 0 native plugins for Editor in 0.00 ms.
Unloading 1629 Unused Serialized files (Serialized files now loaded: 0)
System memory in use before: 188.0 MB.
System memory in use after: 187.6 MB.

Unloading 8 unused Assets to reduce memory usage. Loaded Objects now: 2196.
Total: 4.203458 ms (FindLiveObjects: 0.152500 ms CreateObjectMapping: 0.053416 ms MarkObjects: 3.354375 ms  DeleteObjects: 0.641833 ms)

========================================================================
Received Prepare
Registering precompiled user dll's ...
Registered in 0.000336 seconds.
Begin MonoManager ReloadAssembly
Native extension for OSXStandalone target not found
Refreshing native plugins compatible for Editor in 0.40 ms, found 1 plugins.
Preloading 0 native plugins for Editor in 0.00 ms.
Mono: successfully reloaded assembly
- Completed reload, in  1.873 seconds
Platform modules already initialized, skipping
Refreshing native plugins compatible for Editor in 0.27 ms, found 1 plugins.
Preloading 0 native plugins for Editor in 0.00 ms.
Unloading 1629 Unused Serialized files (Serialized files now loaded: 0)
System memory in use before: 188.3 MB.
System memory in use after: 187.9 MB.

Unloading 8 unused Assets to reduce memory usage. Loaded Objects now: 2199.
Total: 1.943583 ms (FindLiveObjects: 0.105708 ms CreateObjectMapping: 0.033084 ms MarkObjects: 1.343000 ms  DeleteObjects: 0.460917 ms)

========================================================================
Received Prepare
Registering precompiled user dll's ...
Registered in 0.001168 seconds.
Begin MonoManager ReloadAssembly
Native extension for OSXStandalone target not found
Refreshing native plugins compatible for Editor in 0.77 ms, found 1 plugins.
Preloading 0 native plugins for Editor in 0.00 ms.
Mono: successfully reloaded assembly
- Completed reload, in  2.488 seconds
Platform modules already initialized, skipping
Refreshing native plugins compatible for Editor in 0.31 ms, found 1 plugins.
Preloading 0 native plugins for Editor in 0.00 ms.
Unloading 1629 Unused Serialized files (Serialized files now loaded: 0)
System memory in use before: 188.6 MB.
System memory in use after: 188.2 MB.

Unloading 8 unused Assets to reduce memory usage. Loaded Objects now: 2202.
Total: 4.889500 ms (FindLiveObjects: 0.181834 ms CreateObjectMapping: 0.055292 ms MarkObjects: 3.943458 ms  DeleteObjects: 0.707875 ms)

========================================================================
Received Prepare
Registering precompiled user dll's ...
Registered in 0.000448 seconds.
Begin MonoManager ReloadAssembly
Native extension for OSXStandalone target not found
Refreshing native plugins compatible for Editor in 0.30 ms, found 1 plugins.
Preloading 0 native plugins for Editor in 0.00 ms.
Mono: successfully reloaded assembly
- Completed reload, in  1.949 seconds
Platform modules already initialized, skipping
Refreshing native plugins compatible for Editor in 0.28 ms, found 1 plugins.
Preloading 0 native plugins for Editor in 0.00 ms.
Unloading 1629 Unused Serialized files (Serialized files now loaded: 0)
System memory in use before: 188.9 MB.
System memory in use after: 188.5 MB.

Unloading 8 unused Assets to reduce memory usage. Loaded Objects now: 2205.
Total: 2.077791 ms (FindLiveObjects: 0.117167 ms CreateObjectMapping: 0.032708 ms MarkObjects: 1.443583 ms  DeleteObjects: 0.483167 ms)

========================================================================
Received Prepare
Registering precompiled user dll's ...
Registered in 0.000923 seconds.
Begin MonoManager ReloadAssembly
Native extension for OSXStandalone target not found
Refreshing native plugins compatible for Editor in 0.64 ms, found 1 plugins.
Preloading 0 native plugins for Editor in 0.00 ms.
Mono: successfully reloaded assembly
- Completed reload, in  2.202 seconds
Platform modules already initialized, skipping
Refreshing native plugins compatible for Editor in 0.37 ms, found 1 plugins.
Preloading 0 native plugins for Editor in 0.00 ms.
Unloading 1629 Unused Serialized files (Serialized files now loaded: 0)
System memory in use before: 189.2 MB.
System memory in use after: 188.8 MB.

Unloading 8 unused Assets to reduce memory usage. Loaded Objects now: 2208.
Total: 3.101791 ms (FindLiveObjects: 0.190250 ms CreateObjectMapping: 0.057333 ms MarkObjects: 2.310250 ms  DeleteObjects: 0.542958 ms)

========================================================================
Received Prepare
Registering precompiled user dll's ...
Registered in 0.000428 seconds.
Begin MonoManager ReloadAssembly
Native extension for OSXStandalone target not found
Refreshing native plugins compatible for Editor in 0.30 ms, found 1 plugins.
Preloading 0 native plugins for Editor in 0.00 ms.
Mono: successfully reloaded assembly
- Completed reload, in  1.932 seconds
Platform modules already initialized, skipping
Refreshing native plugins compatible for Editor in 0.28 ms, found 1 plugins.
Preloading 0 native plugins for Editor in 0.00 ms.
Unloading 1629 Unused Serialized files (Serialized files now loaded: 0)
System memory in use before: 189.5 MB.
System memory in use after: 189.1 MB.

Unloading 8 unused Assets to reduce memory usage. Loaded Objects now: 2211.
Total: 2.052667 ms (FindLiveObjects: 0.130666 ms CreateObjectMapping: 0.036584 ms MarkObjects: 1.418875 ms  DeleteObjects: 0.465667 ms)

========================================================================
Received Prepare
Registering precompiled user dll's ...
Registered in 0.001567 seconds.
Begin MonoManager ReloadAssembly
Native extension for OSXStandalone target not found
Refreshing native plugins compatible for Editor in 0.31 ms, found 1 plugins.
Preloading 0 native plugins for Editor in 0.00 ms.
Mono: successfully reloaded assembly
- Completed reload, in  1.823 seconds
Platform modules already initialized, skipping
Refreshing native plugins compatible for Editor in 0.28 ms, found 1 plugins.
Preloading 0 native plugins for Editor in 0.00 ms.
Unloading 1629 Unused Serialized files (Serialized files now loaded: 0)
System memory in use before: 189.8 MB.
System memory in use after: 189.4 MB.

Unloading 8 unused Assets to reduce memory usage. Loaded Objects now: 2214.
Total: 1.955959 ms (FindLiveObjects: 0.117375 ms CreateObjectMapping: 0.033209 ms MarkObjects: 1.329041 ms  DeleteObjects: 0.475542 ms)

========================================================================
Received Import Request.
  Time since last request: 1479.498239 seconds.
  path: Assets/Scenes/Level 1 - Mirrored.unity
  artifactKey: Guid(9fc0d4010bbf28b4594072e72b8655ab) Importer(815301076,1909f56bfc062723c751e8b465ee728b)
Start importing Assets/Scenes/Level 1 - Mirrored.unity using Guid(9fc0d4010bbf28b4594072e72b8655ab) Importer(815301076,1909f56bfc062723c751e8b465ee728b)  -> (artifact id: 'a55a5b78efc3572f27e52b150bede7d7') in 0.062855 seconds
  Import took 0.083618 seconds .

========================================================================
Received Prepare
Registering precompiled user dll's ...
Registered in 0.000858 seconds.
Begin MonoManager ReloadAssembly
Native extension for OSXStandalone target not found
Refreshing native plugins compatible for Editor in 0.30 ms, found 1 plugins.
Preloading 0 native plugins for Editor in 0.00 ms.
Mono: successfully reloaded assembly
- Completed reload, in  1.834 seconds
Platform modules already initialized, skipping
Refreshing native plugins compatible for Editor in 0.29 ms, found 1 plugins.
Preloading 0 native plugins for Editor in 0.00 ms.
Unloading 1629 Unused Serialized files (Serialized files now loaded: 0)
System memory in use before: 190.1 MB.
System memory in use after: 189.7 MB.

Unloading 8 unused Assets to reduce memory usage. Loaded Objects now: 2217.
Total: 2.057750 ms (FindLiveObjects: 0.139000 ms CreateObjectMapping: 0.032458 ms MarkObjects: 1.407958 ms  DeleteObjects: 0.477500 ms)

========================================================================
Received Prepare
Registering precompiled user dll's ...
Registered in 0.001074 seconds.
Begin MonoManager ReloadAssembly
Native extension for OSXStandalone target not found
Refreshing native plugins compatible for Editor in 0.40 ms, found 1 plugins.
Preloading 0 native plugins for Editor in 0.00 ms.
Mono: successfully reloaded assembly
- Completed reload, in  2.180 seconds
Platform modules already initialized, skipping
Refreshing native plugins compatible for Editor in 0.34 ms, found 1 plugins.
Preloading 0 native plugins for Editor in 0.00 ms.
Unloading 1629 Unused Serialized files (Serialized files now loaded: 0)
System memory in use before: 190.5 MB.
System memory in use after: 190.0 MB.

Unloading 8 unused Assets to reduce memory usage. Loaded Objects now: 2220.
Total: 3.169750 ms (FindLiveObjects: 0.363791 ms CreateObjectMapping: 0.038750 ms MarkObjects: 2.100250 ms  DeleteObjects: 0.665708 ms)

========================================================================
Received Prepare
Registering precompiled user dll's ...
Registered in 0.000477 seconds.
Begin MonoManager ReloadAssembly
Native extension for OSXStandalone target not found
Refreshing native plugins compatible for Editor in 0.50 ms, found 1 plugins.
Preloading 0 native plugins for Editor in 0.00 ms.
Mono: successfully reloaded assembly
- Completed reload, in  1.948 seconds
Platform modules already initialized, skipping
Refreshing native plugins compatible for Editor in 0.29 ms, found 1 plugins.
Preloading 0 native plugins for Editor in 0.00 ms.
Unloading 1629 Unused Serialized files (Serialized files now loaded: 0)
System memory in use before: 190.7 MB.
System memory in use after: 190.3 MB.

Unloading 8 unused Assets to reduce memory usage. Loaded Objects now: 2223.
Total: 2.241000 ms (FindLiveObjects: 0.141666 ms CreateObjectMapping: 0.033917 ms MarkObjects: 1.525166 ms  DeleteObjects: 0.539125 ms)

========================================================================
Received Prepare
Registering precompiled user dll's ...
Registered in 0.000455 seconds.
Begin MonoManager ReloadAssembly
Native extension for OSXStandalone target not found
Refreshing native plugins compatible for Editor in 0.34 ms, found 1 plugins.
Preloading 0 native plugins for Editor in 0.00 ms.
Mono: successfully reloaded assembly
- Completed reload, in  1.899 seconds
Platform modules already initialized, skipping
Refreshing native plugins compatible for Editor in 0.28 ms, found 1 plugins.
Preloading 0 native plugins for Editor in 0.00 ms.
Unloading 1628 Unused Serialized files (Serialized files now loaded: 0)
System memory in use before: 191.0 MB.
System memory in use after: 190.6 MB.

Unloading 9 unused Assets to reduce memory usage. Loaded Objects now: 2225.
Total: 2.262833 ms (FindLiveObjects: 0.193708 ms CreateObjectMapping: 0.035083 ms MarkObjects: 1.526583 ms  DeleteObjects: 0.506250 ms)

========================================================================
Received Prepare
Refreshing native plugins compatible for Editor in 0.85 ms, found 1 plugins.
Preloading 0 native plugins for Editor in 0.00 ms.
Unloading 5 Unused Serialized files (Serialized files now loaded: 0)
System memory in use before: 159.0 MB.
System memory in use after: 158.6 MB.

Unloading 5 unused Assets to reduce memory usage. Loaded Objects now: 2225.
Total: 11.488292 ms (FindLiveObjects: 0.285917 ms CreateObjectMapping: 0.033458 ms MarkObjects: 10.617083 ms  DeleteObjects: 0.551042 ms)

========================================================================
Received Prepare
Registering precompiled user dll's ...
Registered in 0.000809 seconds.
Begin MonoManager ReloadAssembly
Native extension for OSXStandalone target not found
Refreshing native plugins compatible for Editor in 0.30 ms, found 1 plugins.
Preloading 0 native plugins for Editor in 0.00 ms.
Mono: successfully reloaded assembly
- Completed reload, in  1.872 seconds
Platform modules already initialized, skipping
Refreshing native plugins compatible for Editor in 0.29 ms, found 1 plugins.
Preloading 0 native plugins for Editor in 0.00 ms.
Unloading 1628 Unused Serialized files (Serialized files now loaded: 0)
System memory in use before: 194.0 MB.
System memory in use after: 193.6 MB.

Unloading 8 unused Assets to reduce memory usage. Loaded Objects now: 2228.
Total: 2.058125 ms (FindLiveObjects: 0.130041 ms CreateObjectMapping: 0.032375 ms MarkObjects: 1.416958 ms  DeleteObjects: 0.477833 ms)

========================================================================
Received Prepare
Registering precompiled user dll's ...
Registered in 0.000430 seconds.
Begin MonoManager ReloadAssembly
Native extension for OSXStandalone target not found
Refreshing native plugins compatible for Editor in 0.32 ms, found 1 plugins.
Preloading 0 native plugins for Editor in 0.00 ms.
Mono: successfully reloaded assembly
- Completed reload, in  1.945 seconds
Platform modules already initialized, skipping
Refreshing native plugins compatible for Editor in 0.26 ms, found 1 plugins.
Preloading 0 native plugins for Editor in 0.00 ms.
Unloading 1628 Unused Serialized files (Serialized files now loaded: 0)
System memory in use before: 194.3 MB.
System memory in use after: 193.9 MB.

Unloading 8 unused Assets to reduce memory usage. Loaded Objects now: 2231.
Total: 2.059750 ms (FindLiveObjects: 0.120834 ms CreateObjectMapping: 0.032291 ms MarkObjects: 1.435209 ms  DeleteObjects: 0.470750 ms)

========================================================================
Received Prepare
Registering precompiled user dll's ...
Registered in 0.001727 seconds.
Begin MonoManager ReloadAssembly
Native extension for OSXStandalone target not found
Refreshing native plugins compatible for Editor in 0.38 ms, found 1 plugins.
Preloading 0 native plugins for Editor in 0.00 ms.
Mono: successfully reloaded assembly
- Completed reload, in  1.957 seconds
Platform modules already initialized, skipping
Refreshing native plugins compatible for Editor in 0.27 ms, found 1 plugins.
Preloading 0 native plugins for Editor in 0.00 ms.
Unloading 1628 Unused Serialized files (Serialized files now loaded: 0)
System memory in use before: 194.7 MB.
System memory in use after: 194.3 MB.

Unloading 8 unused Assets to reduce memory usage. Loaded Objects now: 2234.
Total: 2.084667 ms (FindLiveObjects: 0.150042 ms CreateObjectMapping: 0.036375 ms MarkObjects: 1.388875 ms  DeleteObjects: 0.508375 ms)

========================================================================
Received Prepare
Registering precompiled user dll's ...
Registered in 0.000564 seconds.
Begin MonoManager ReloadAssembly
Native extension for OSXStandalone target not found
Refreshing native plugins compatible for Editor in 0.31 ms, found 1 plugins.
Preloading 0 native plugins for Editor in 0.00 ms.
Mono: successfully reloaded assembly
- Completed reload, in  1.999 seconds
Platform modules already initialized, skipping
Refreshing native plugins compatible for Editor in 0.28 ms, found 1 plugins.
Preloading 0 native plugins for Editor in 0.00 ms.
Unloading 1628 Unused Serialized files (Serialized files now loaded: 0)
System memory in use before: 195.0 MB.
System memory in use after: 194.6 MB.

Unloading 8 unused Assets to reduce memory usage. Loaded Objects now: 2237.
Total: 2.924750 ms (FindLiveObjects: 0.168375 ms CreateObjectMapping: 0.036959 ms MarkObjects: 2.204917 ms  DeleteObjects: 0.513542 ms)

========================================================================
Received Prepare
Registering precompiled user dll's ...
Registered in 0.000941 seconds.
Begin MonoManager ReloadAssembly
Native extension for OSXStandalone target not found
Refreshing native plugins compatible for Editor in 0.33 ms, found 1 plugins.
Preloading 0 native plugins for Editor in 0.00 ms.
Mono: successfully reloaded assembly
- Completed reload, in  1.886 seconds
Platform modules already initialized, skipping
Refreshing native plugins compatible for Editor in 0.28 ms, found 1 plugins.
Preloading 0 native plugins for Editor in 0.00 ms.
Unloading 1628 Unused Serialized files (Serialized files now loaded: 0)
System memory in use before: 195.4 MB.
System memory in use after: 195.0 MB.

Unloading 8 unused Assets to reduce memory usage. Loaded Objects now: 2240.
Total: 2.104250 ms (FindLiveObjects: 0.143583 ms CreateObjectMapping: 0.049708 ms MarkObjects: 1.415667 ms  DeleteObjects: 0.494250 ms)

========================================================================
Received Prepare
Registering precompiled user dll's ...
Registered in 0.000507 seconds.
Begin MonoManager ReloadAssembly
Native extension for OSXStandalone target not found
Refreshing native plugins compatible for Editor in 0.31 ms, found 1 plugins.
Preloading 0 native plugins for Editor in 0.00 ms.
Mono: successfully reloaded assembly
- Completed reload, in  1.917 seconds
Platform modules already initialized, skipping
Refreshing native plugins compatible for Editor in 0.27 ms, found 1 plugins.
Preloading 0 native plugins for Editor in 0.00 ms.
Unloading 1628 Unused Serialized files (Serialized files now loaded: 0)
System memory in use before: 195.7 MB.
System memory in use after: 195.3 MB.

Unloading 8 unused Assets to reduce memory usage. Loaded Objects now: 2243.
Total: 1.997750 ms (FindLiveObjects: 0.119209 ms CreateObjectMapping: 0.033458 ms MarkObjects: 1.356916 ms  DeleteObjects: 0.487417 ms)

========================================================================
Received Prepare
Registering precompiled user dll's ...
Registered in 0.000934 seconds.
Begin MonoManager ReloadAssembly
Native extension for OSXStandalone target not found
Refreshing native plugins compatible for Editor in 0.46 ms, found 1 plugins.
Preloading 0 native plugins for Editor in 0.00 ms.
Mono: successfully reloaded assembly
- Completed reload, in  2.254 seconds
Platform modules already initialized, skipping
Refreshing native plugins compatible for Editor in 0.31 ms, found 1 plugins.
Preloading 0 native plugins for Editor in 0.00 ms.
Unloading 1628 Unused Serialized files (Serialized files now loaded: 0)
System memory in use before: 196.1 MB.
System memory in use after: 195.7 MB.

Unloading 8 unused Assets to reduce memory usage. Loaded Objects now: 2246.
Total: 3.313875 ms (FindLiveObjects: 0.237416 ms CreateObjectMapping: 0.048750 ms MarkObjects: 2.483917 ms  DeleteObjects: 0.542625 ms)

========================================================================
Received Prepare
Registering precompiled user dll's ...
Registered in 0.000481 seconds.
Begin MonoManager ReloadAssembly
Native extension for OSXStandalone target not found
Refreshing native plugins compatible for Editor in 0.34 ms, found 1 plugins.
Preloading 0 native plugins for Editor in 0.00 ms.
Mono: successfully reloaded assembly
- Completed reload, in  1.975 seconds
Platform modules already initialized, skipping
Refreshing native plugins compatible for Editor in 0.31 ms, found 1 plugins.
Preloading 0 native plugins for Editor in 0.00 ms.
Unloading 1628 Unused Serialized files (Serialized files now loaded: 0)
System memory in use before: 196.4 MB.
System memory in use after: 196.0 MB.

Unloading 8 unused Assets to reduce memory usage. Loaded Objects now: 2249.
Total: 2.606500 ms (FindLiveObjects: 0.200000 ms CreateObjectMapping: 0.041125 ms MarkObjects: 1.780000 ms  DeleteObjects: 0.584291 ms)

========================================================================
Received Prepare
Registering precompiled user dll's ...
Registered in 0.000996 seconds.
Begin MonoManager ReloadAssembly
Native extension for OSXStandalone target not found
Refreshing native plugins compatible for Editor in 0.32 ms, found 1 plugins.
Preloading 0 native plugins for Editor in 0.00 ms.
Mono: successfully reloaded assembly
- Completed reload, in  1.902 seconds
Platform modules already initialized, skipping
Refreshing native plugins compatible for Editor in 0.28 ms, found 1 plugins.
Preloading 0 native plugins for Editor in 0.00 ms.
Unloading 1628 Unused Serialized files (Serialized files now loaded: 0)
System memory in use before: 196.8 MB.
System memory in use after: 196.4 MB.

Unloading 8 unused Assets to reduce memory usage. Loaded Objects now: 2252.
Total: 1.981292 ms (FindLiveObjects: 0.129291 ms CreateObjectMapping: 0.032167 ms MarkObjects: 1.318583 ms  DeleteObjects: 0.500542 ms)

========================================================================
Received Prepare
Registering precompiled user dll's ...
Registered in 0.000426 seconds.
Begin MonoManager ReloadAssembly
Native extension for OSXStandalone target not found
Refreshing native plugins compatible for Editor in 0.30 ms, found 1 plugins.
Preloading 0 native plugins for Editor in 0.00 ms.
Mono: successfully reloaded assembly
- Completed reload, in  1.955 seconds
Platform modules already initialized, skipping
Refreshing native plugins compatible for Editor in 0.33 ms, found 1 plugins.
Preloading 0 native plugins for Editor in 0.00 ms.
Unloading 1628 Unused Serialized files (Serialized files now loaded: 0)
System memory in use before: 197.1 MB.
System memory in use after: 196.8 MB.

Unloading 8 unused Assets to reduce memory usage. Loaded Objects now: 2255.
Total: 2.040541 ms (FindLiveObjects: 0.121875 ms CreateObjectMapping: 0.033084 ms MarkObjects: 1.396417 ms  DeleteObjects: 0.488375 ms)

========================================================================
Received Prepare
Registering precompiled user dll's ...
Registered in 0.000457 seconds.
Begin MonoManager ReloadAssembly
Native extension for OSXStandalone target not found
Refreshing native plugins compatible for Editor in 0.43 ms, found 1 plugins.
Preloading 0 native plugins for Editor in 0.00 ms.
Mono: successfully reloaded assembly
- Completed reload, in  2.004 seconds
Platform modules already initialized, skipping
Refreshing native plugins compatible for Editor in 0.30 ms, found 1 plugins.
Preloading 0 native plugins for Editor in 0.00 ms.
Unloading 1628 Unused Serialized files (Serialized files now loaded: 0)
System memory in use before: 197.5 MB.
System memory in use after: 197.1 MB.

Unloading 8 unused Assets to reduce memory usage. Loaded Objects now: 2258.
Total: 2.096416 ms (FindLiveObjects: 0.131917 ms CreateObjectMapping: 0.032208 ms MarkObjects: 1.438292 ms  DeleteObjects: 0.493208 ms)

